02/09/2024 08:50:47 AM FEED MONEY: $45.00 $45.00
02/09/2024 08:54:42 AM FEED MONEY: $34.00 $34.00
02/09/2024 08:54:44 AM GIVE CHANGE: $34.00 $0.00
02/09/2024 08:57:35 AM FEED MONEY: $20.00 $20.00
02/09/2024 08:57:44 AM Rainbow Horse D4 $1.35 $18.65
02/09/2024 09:39:18 AM GIVE CHANGE: $0.00 $0.00
02/09/2024 09:41:03 AM FEED MONEY: $34.00 $34.00
02/09/2024 12:18:55 PM FEED MONEY: $9.00 $9.00
02/09/2024 12:18:58 PM Rainbow Horse D4 $1.35 $7.65
02/09/2024 12:19:00 PM GIVE CHANGE: $7.65 $0.00
02/09/2024 12:21:35 PM FEED MONEY: $9.00 $9.00
02/09/2024 12:21:37 PM Rainbow Horse D4 $1.35 $7.65
02/09/2024 12:21:39 PM GIVE CHANGE: $7.65 $0.00
02/09/2024 12:24:08 PM FEED MONEY: $9.00 $9.00
02/09/2024 12:24:10 PM Rainbow Horse D4 $1.35 $7.65
02/09/2024 12:24:13 PM GIVE CHANGE: $7.65 $0.00
02/09/2024 12:26:19 PM FEED MONEY: $9.00 $9.00
02/09/2024 12:26:21 PM Rainbow Horse D4 $1.35 $7.65
02/09/2024 12:26:22 PM GIVE CHANGE: $7.65 $0.00
02/09/2024 12:28:19 PM FEED MONEY: $9.00 $9.00
02/09/2024 12:28:22 PM Rainbow Horse D4 $1.35 $7.65
02/09/2024 12:29:16 PM FEED MONEY: $9.00 $9.00
02/09/2024 12:29:18 PM Rainbow Horse D4 $1.35 $7.65
02/09/2024 12:40:14 PM FEED MONEY: $9.00 $9.00
02/09/2024 12:40:21 PM FEED MONEY: $9.00 $18.00
02/09/2024 12:40:39 PM FEED MONEY: $2.50 $20.50
02/09/2024 12:41:01 PM Rainbow Horse D4 $1.35 $19.15
02/09/2024 12:41:29 PM FEED MONEY: $9.00 $9.00
02/09/2024 12:41:35 PM Rainbow Horse D4 $1.35 $7.65
02/09/2024 12:41:56 PM Rainbow Horse D4 $1.35 $6.30
02/09/2024 12:42:03 PM GIVE CHANGE: $6.30 $0.00
02/09/2024 12:42:59 PM FEED MONEY: $9.00 $9.00
02/09/2024 12:43:06 PM Rainbow Horse D4 $1.35 $7.65
02/09/2024 12:43:07 PM GIVE CHANGE: $7.65 $0.00
02/09/2024 12:48:49 PM FEED MONEY: $9.00 $9.00
02/09/2024 12:48:52 PM Rainbow Horse D4 $1.35 $7.65
02/09/2024 12:48:54 PM GIVE CHANGE: $7.65 $0.00
02/09/2024 12:49:24 PM FEED MONEY: $9.00 $9.00
02/09/2024 12:49:26 PM Rainbow Horse D4 $1.35 $7.65
02/09/2024 12:49:28 PM GIVE CHANGE: $7.65 $0.00
02/09/2024 01:21:06 PM FEED MONEY: $9.00 $9.00
02/09/2024 01:21:09 PM Rainbow Horse D4 $1.35 $7.65
02/09/2024 01:21:11 PM GIVE CHANGE: $7.65 $0.00
02/09/2024 01:22:32 PM FEED MONEY: $9.00 $9.00
02/09/2024 01:22:36 PM Rainbow Horse D4 $1.35 $7.65
02/09/2024 01:22:46 PM Rainbow Horse D4 $1.35 $6.30
02/09/2024 01:30:01 PM FEED MONEY: $9.00 $9.00
02/09/2024 01:30:04 PM Rainbow Horse D4 $1.35 $7.65
02/09/2024 01:30:06 PM Rainbow Horse D4 $1.35 $6.30
02/09/2024 01:30:09 PM GIVE CHANGE: $6.30 $0.00
02/09/2024 01:36:08 PM FEED MONEY: $9.00 $9.00
02/09/2024 01:36:10 PM Rainbow Horse D4 $1.35 $7.65
02/09/2024 01:36:13 PM Rainbow Horse D4 $1.35 $6.30
02/09/2024 01:36:15 PM GIVE CHANGE: $6.30 $0.00
02/09/2024 01:36:36 PM FEED MONEY: $9.00 $9.00
02/09/2024 01:36:39 PM Rainbow Horse D4 $1.35 $7.65
02/09/2024 01:36:41 PM GIVE CHANGE: $7.65 $0.00
02/09/2024 01:36:54 PM FEED MONEY: $9.00 $9.00
02/09/2024 01:36:59 PM Horse D3 $0.90 $8.10
02/09/2024 01:37:05 PM GIVE CHANGE: $8.10 $0.00
02/09/2024 01:39:49 PM FEED MONEY: $9.00 $9.00
02/09/2024 01:39:50 PM Rainbow Horse D4 $1.35 $7.65
02/09/2024 01:39:52 PM Rainbow Horse D4 $1.35 $6.30
02/09/2024 01:39:55 PM Unicorn Pony D1 $1.95 $4.35
02/09/2024 01:39:56 PM GIVE CHANGE: $4.35 $0.00
02/09/2024 01:52:32 PM FEED MONEY: $9.00 $9.00
02/09/2024 01:52:33 PM Rainbow Horse D4 $1.35 $7.65
02/09/2024 01:52:35 PM Horse D3 $0.90 $6.75
02/09/2024 01:52:38 PM Macaroni Penguin B2 $2.25 $4.50
02/09/2024 01:52:39 PM GIVE CHANGE: $4.50 $0.00
02/09/2024 01:54:29 PM FEED MONEY: $9.00 $9.00
02/09/2024 01:54:33 PM Rainbow Horse D4 $1.35 $7.65
02/09/2024 01:54:35 PM Horse D3 $0.90 $6.75
02/09/2024 01:54:37 PM Emperor Penguin B1 $2.80 $3.95
02/09/2024 01:54:38 PM GIVE CHANGE: $3.95 $0.00
02/09/2024 01:59:29 PM FEED MONEY: $9.00 $9.00
02/09/2024 01:59:43 PM FEED MONEY: $8.00 $17.00
02/09/2024 02:00:18 PM FEED MONEY: $9.00 $9.00
02/09/2024 02:00:31 PM FEED MONEY: $9.00 $18.00
02/09/2024 02:00:34 PM Rainbow Horse D4 $1.35 $16.65
02/09/2024 02:00:48 PM Unicorn Pony D1 $1.95 $14.70
02/09/2024 02:00:52 PM GIVE CHANGE: $14.70 $0.00
02/09/2024 02:14:31 PM FEED MONEY: $9.00 $9.00
02/09/2024 02:14:34 PM Rainbow Horse D4 $1.35 $7.65
02/09/2024 02:14:45 PM Rainbow Horse D4 $1.35 $6.30
02/09/2024 02:14:56 PM Rainbow Horse D4 $1.35 $4.95
02/09/2024 02:14:57 PM GIVE CHANGE: $4.95 $0.00
02/09/2024 02:27:12 PM FEED MONEY: $9.00 $9.00
02/09/2024 02:27:13 PM Rainbow Horse D4 $1.35 $7.65
02/09/2024 02:27:15 PM GIVE CHANGE: $7.65 $0.00
02/09/2024 02:54:47 PM FEED MONEY: $10.00 $10.00
02/09/2024 02:57:30 PM FEED MONEY: $10.00 $10.00
02/09/2024 03:23:19 PM lolliop A1 $0.50 $4.50
02/09/2024 03:30:50 PM lolliop A1 $0.50 $4.50
02/09/2024 03:31:06 PM FEED MONEY: $10.00 $10.00
02/09/2024 03:31:06 PM lolliop A1 $0.50 $4.50
02/09/2024 03:31:06 PM lolliop A1 $0.50 $4.50
02/09/2024 03:36:25 PM FEED MONEY: $9.00 $9.00
02/09/2024 03:36:27 PM GIVE CHANGE: $9.00 $0.00
02/09/2024 03:37:40 PM FEED MONEY: $9.00 $9.00
02/09/2024 03:37:42 PM Rainbow Horse D4 $1.35 $7.65
02/09/2024 03:37:43 PM GIVE CHANGE: $7.65 $0.00
02/09/2024 03:39:58 PM FEED MONEY: $9.00 $9.00
02/09/2024 03:40:04 PM GIVE CHANGE: $9.00 $0.00
02/09/2024 03:40:58 PM FEED MONEY: $9.00 $9.00
02/09/2024 03:41:00 PM GIVE CHANGE: $9.00 $0.00
02/09/2024 03:42:30 PM GIVE CHANGE: $9.00 $0.00
02/09/2024 06:23:40 PM FEED MONEY: $10.00 $10.00
02/09/2024 06:23:40 PM FEED MONEY: $10.00 $20.00
02/09/2024 06:52:14 PM FEED MONEY: $20.00 $30.00
